c:\users\thibaut\source\repos\consoleapplication1\consoleapplication1\debug\consoleapplication1.pch
c:\users\thibaut\source\repos\consoleapplication1\consoleapplication1\debug\vc141.pdb
c:\users\thibaut\source\repos\consoleapplication1\consoleapplication1\debug\vc141.idb
c:\users\thibaut\source\repos\consoleapplication1\consoleapplication1\debug\stdafx.obj
c:\users\thibaut\source\repos\consoleapplication1\consoleapplication1\debug\consoleapplication1.obj
c:\users\thibaut\source\repos\consoleapplication1\debug\consoleapplication1.exe
c:\users\thibaut\source\repos\consoleapplication1\debug\consoleapplication1.ilk
c:\users\thibaut\source\repos\consoleapplication1\debug\consoleapplication1.pdb
c:\users\thibaut\source\repos\finfin\consoleapplication1\debug\consoleapplication1.obj
c:\users\thibaut\source\repos\finfin\consoleapplication1\debug\stdafx.obj
c:\users\thibaut\source\repos\finfin\consoleapplication1\debug\consoleapplication1.obj.enc
c:\users\thibaut\source\repos\finfin\consoleapplication1\debug\consoleapplication1.pch
c:\users\thibaut\source\repos\finfin\consoleapplication1\debug\vc141.idb
c:\users\thibaut\source\repos\finfin\consoleapplication1\debug\vc141.pdb
c:\users\thibaut\source\repos\finfin\debug\consoleapplication1.pdb
c:\users\thibaut\source\repos\finfin\debug\consoleapplication1.exe
c:\users\thibaut\source\repos\finfin\debug\consoleapplication1.ilk
c:\users\thibaut\source\repos\finfin\consoleapplication1\debug\consolea.80e79a6c.tlog\cl.command.1.tlog
c:\users\thibaut\source\repos\finfin\consoleapplication1\debug\consolea.80e79a6c.tlog\cl.read.1.tlog
c:\users\thibaut\source\repos\finfin\consoleapplication1\debug\consolea.80e79a6c.tlog\cl.write.1.tlog
c:\users\thibaut\source\repos\finfin\consoleapplication1\debug\consolea.80e79a6c.tlog\link.command.1.tlog
c:\users\thibaut\source\repos\finfin\consoleapplication1\debug\consolea.80e79a6c.tlog\link.read.1.tlog
c:\users\thibaut\source\repos\finfin\consoleapplication1\debug\consolea.80e79a6c.tlog\link.write.1.tlog
